2021-03-09_09:19:42 [DEBUG] (3) simple_log_lib_trial::tests: Debug
2021-03-09_09:19:42 [DEBUG] (2) simple_log_lib_trial::trial: Debug in new()
2021-03-09_09:19:42 [ERROR] Error!
2021-03-09_09:19:42 [INFO] Info!
2021-03-09_09:19:42 [INFO] Log
2021-03-09_09:19:42 [WARN] Warn
2021-03-09_09:19:42 [ERROR] Error in new()
2021-03-09_09:19:42 [INFO] Num1: 5
2021-03-09_09:19:42 [WARN] Sum: 11
2021-03-09_09:19:44 [DEBUG] (2) simple_log_lib_trial::trial: Debug in new()
2021-03-09_09:19:44 [ERROR] Error in new()
2021-03-09_09:19:44 [INFO] Num1: 5
2021-03-09_09:19:44 [WARN] Sum: 11
2021-03-09_09:19:44 [DEBUG] (3) simple_log_lib_trial::tests: Debug
2021-03-09_09:19:44 [ERROR] Error!
2021-03-09_09:19:44 [INFO] Info!
2021-03-09_09:19:44 [INFO] Log
2021-03-09_09:19:44 [WARN] Warn
2021-03-09_09:23:48 [DEBUG] (3) simple_log_lib_trial::tests: Debug
2021-03-09_09:23:48 [ERROR] Error!
2021-03-09_09:23:48 [INFO] Info!
2021-03-09_09:23:48 [INFO] Log
2021-03-09_09:23:48 [WARN] Warn
2021-03-09_09:23:48 [DEBUG] (2) simple_log_lib_trial::trial: Debug in new()
2021-03-09_09:23:48 [ERROR] Error in new()
2021-03-09_09:23:48 [INFO] Num1: 5
2021-03-09_09:23:48 [WARN] Sum: 11
2021-03-09T09:27:03.878424723-08:00 [DEBUG] (3) simple_log_lib_trial::tests: Debug
2021-03-09T09:27:03.878678232-08:00 [ERROR] Error!
2021-03-09T09:27:03.878799479-08:00 [INFO] Info!
2021-03-09T09:27:03.878916598-08:00 [INFO] Log
2021-03-09T09:27:03.879034137-08:00 [WARN] Warn
2021-03-09T09:27:03.879249102-08:00 [DEBUG] (2) simple_log_lib_trial::trial: Debug in new()
2021-03-09T09:27:03.879492869-08:00 [ERROR] Error in new()
2021-03-09T09:27:03.879669266-08:00 [INFO] Num1: 5
2021-03-09T09:27:03.879823048-08:00 [WARN] Sum: 11
2021-03-09_09:28:17 [DEBUG] (3) simple_log_lib_trial::tests: Debug
2021-03-09_09:28:17 [ERROR] Error!
2021-03-09_09:28:17 [INFO] Info!
2021-03-09_09:28:17 [INFO] Log
2021-03-09_09:28:17 [WARN] Warn
2021-03-09_09:28:17 [DEBUG] (2) simple_log_lib_trial::trial: Debug in new()
2021-03-09_09:28:17 [ERROR] Error in new()
2021-03-09_09:28:17 [INFO] Num1: 5
2021-03-09_09:28:17 [WARN] Sum: 11
2021-03-09_16:29:21 [DEBUG] (2) simple_log_lib_trial::trial: Debug in new()
2021-03-09_16:29:21 [DEBUG] (3) simple_log_lib_trial::tests: Debug
2021-03-09_16:29:21 [ERROR] Error in new()
2021-03-09_16:29:21 [ERROR] Error!
2021-03-09_16:29:21 [INFO] Num1: 5
2021-03-09_16:29:21 [INFO] Info!
2021-03-09_16:29:21 [WARN] Sum: 11
2021-03-09_16:29:21 [INFO] Log
2021-03-09_16:29:21 [WARN] Warn
2021-03-09_16:31:44 [DEBUG] (2) simple_log_lib_trial::trial: Debug in new()
2021-03-09_16:31:44 [DEBUG] (3) simple_log_lib_trial::tests: Debug
2021-03-09_16:31:44 [ERROR] Error in new()
2021-03-09_16:31:44 [ERROR] Error!
2021-03-09_16:31:44 [INFO] Num1: 5
2021-03-09_16:31:44 [INFO] Info!
2021-03-09_16:31:44 [WARN] Sum: 11
2021-03-09_16:31:44 [INFO] Log
2021-03-09_16:31:44 [WARN] Warn
